<?xml version="1.0" encoding="UTF-8"?>
<!-- Generated by org.testng.reporters.JUnitXMLReporter -->
<testsuite ignored="0" hostname="LAPTOP-MCCOM0BI" failures="0" tests="3" name="Default test" time="10.235" errors="0" timestamp="2025-04-10T11:06:42 PST">
  <testcase classname="cattleyanadora.OrderComplete" name="FinishOrder" time="0.726"/>
  <testcase classname="cattleyanadora.OrderComplete" name="GetConfirmationMessage" time="0.711"/>
  <testcase classname="cattleyanadora.OrderComplete" name="GobackToProductPage" time="0.716"/>
</testsuite> <!-- Default test -->
