<?xml version="1.0" encoding="UTF-8"?>
<!-- Generated by org.testng.reporters.JUnitXMLReporter -->
<testsuite ignored="4" hostname="LAPTOP-MCCOM0BI" failures="0" tests="1" name="Default test" time="7.396" errors="0" timestamp="2025-04-03T16:24:29 PST">
  <testcase classname="cattleyanadora.ProductDetails" name="AddToCartDetails" time="0.736"/>
  <testcase classname="cattleyanadora.ProductDetails" name="DetailsPagedesc" time="0.0">
    <ignored/>
  </testcase> <!-- DetailsPagedesc -->
  <testcase classname="cattleyanadora.ProductDetails" name="ProductDetailPageRemove" time="0.0">
    <ignored/>
  </testcase> <!-- ProductDetailPageRemove -->
  <testcase classname="cattleyanadora.ProductDetails" name="ProductDetailPageTest" time="0.0">
    <ignored/>
  </testcase> <!-- ProductDetailPageTest -->
  <testcase classname="cattleyanadora.ProductDetails" name="RemoveItemUpdate" time="0.0">
    <ignored/>
  </testcase> <!-- RemoveItemUpdate -->
</testsuite> <!-- Default test -->
