<?xml version="1.0" encoding="UTF-8"?>
<!-- Generated by org.testng.reporters.JUnitXMLReporter -->
<testsuite ignored="2" hostname="LAPTOP-MCCOM0BI" failures="0" tests="0" time="0.016" errors="0" timestamp="2025-03-20T15:13:46 PST">
  <testcase classname="cattleyanadora.ErrorValidationsTest" name="ProductErrorValidaton" time="0.0">
    <ignored/>
  </testcase> <!-- ProductErrorValidaton -->
  <testcase classname="cattleyanadora.ErrorValidationsTest" name="LogInErrorValidation" time="0.0">
    <ignored/>
  </testcase> <!-- LogInErrorValidation -->
</testsuite>
