<?xml version="1.0" encoding="UTF-8"?>
<!-- Generated by org.testng.reporters.JUnitXMLReporter -->
<testsuite ignored="1" hostname="LAPTOP-MCCOM0BI" failures="0" tests="2" name="Submit Order Test" time="47.985" errors="0" timestamp="2025-03-20T15:14:34 PST">
  <testcase classname="cattleyanadora.SubmitOrderTest" name="submitOrder" time="5.261"/>
  <testcase classname="cattleyanadora.SubmitOrderTest" name="submitOrder" time="4.561"/>
  <testcase classname="cattleyanadora.SubmitOrderTest" name="OrderHistoryTest" time="0.0">
    <ignored/>
  </testcase> <!-- OrderHistoryTest -->
</testsuite> <!-- Submit Order Test -->
