<?xml version="1.0" encoding="UTF-8"?>
<!-- Generated by org.testng.reporters.JUnitXMLReporter -->
<testsuite ignored="0" hostname="LAPTOP-MCCOM0BI" failures="0" tests="2" name="Error Validations Test" time="18.633" errors="0" timestamp="2025-03-20T14:58:31 GMT+08:00">
  <testcase classname="cattleyanadora.ErrorValidationsTest" name="LogInErrorValidation" time="1.121"/>
  <testcase classname="cattleyanadora.ErrorValidationsTest" name="ProductErrorValidaton" time="2.99"/>
</testsuite> <!-- Error Validations Test -->
