<?xml version="1.0" encoding="UTF-8"?>
<!-- Generated by org.testng.reporters.JUnitXMLReporter -->
<testsuite ignored="0" hostname="LAPTOP-MCCOM0BI" failures="0" tests="3" name="Submit Order Test" time="37.321" errors="0" timestamp="2025-03-20T14:58:49 GMT+08:00">
  <testcase classname="cattleyanadora.SubmitOrderTest" name="submitOrder" time="5.34"/>
  <testcase classname="cattleyanadora.SubmitOrderTest" name="submitOrder" time="4.342"/>
  <testcase classname="cattleyanadora.SubmitOrderTest" name="OrderHistoryTest" time="1.082"/>
</testsuite> <!-- Submit Order Test -->
