<?xml version="1.0" encoding="UTF-8"?>
<testng-results ignored="4" total="5" passed="1" failed="0" skipped="0">
  <reporter-output>
  </reporter-output>
  <suite started-at="2025-04-03T16:24:21 PST" name="Default suite" finished-at="2025-04-03T16:24:29 PST" duration-ms="7396">
    <groups>
    </groups>
    <test started-at="2025-04-03T16:24:21 PST" name="Default test" finished-at="2025-04-03T16:24:29 PST" duration-ms="7396">
      <class name="cattleyanadora.ProductDetails">
        <test-method is-config="true" signature="setup()[pri:0, instance:cattleyanadora.ProductDetails@6200f9cb]" started-at="2025-04-03T16:24:21 PST" name="setup" finished-at="2025-04-03T16:24:22 PST" duration-ms="805" status="PASS">
          <reporter-output>
          </reporter-output>
        </test-method> <!-- setup -->
        <test-method is-config="true" signature="launchApplication()[pri:0, instance:cattleyanadora.ProductDetails@6200f9cb]" started-at="2025-04-03T16:24:22 PST" name="launchApplication" finished-at="2025-04-03T16:24:28 PST" duration-ms="5599" status="PASS">
          <reporter-output>
          </reporter-output>
        </test-method> <!-- launchApplication -->
        <test-method signature="AddToCartDetails()[pri:0, instance:cattleyanadora.ProductDetails@6200f9cb]" started-at="2025-04-03T16:24:28 PST" name="AddToCartDetails" finished-at="2025-04-03T16:24:28 PST" duration-ms="736" status="PASS">
          <reporter-output>
          </reporter-output>
        </test-method> <!-- AddToCartDetails -->
        <test-method is-config="true" signature="tearDown()[pri:0, instance:cattleyanadora.ProductDetails@6200f9cb]" started-at="2025-04-03T16:24:28 PST" name="tearDown" finished-at="2025-04-03T16:24:29 PST" duration-ms="198" status="PASS">
          <reporter-output>
          </reporter-output>
        </test-method> <!-- tearDown -->
      </class> <!-- cattleyanadora.ProductDetails -->
    </test> <!-- Default test -->
  </suite> <!-- Default suite -->
</testng-results>
